  [1m[35m (0.2ms)[0m  [1m[34mSELECT sqlite_version(*)[0m
  [1m[35m (18.8ms)[0m  [1m[35mCREATE TABLE "schema_migrations" ("version" varchar NOT NULL PRIMARY KEY)[0m
  [1m[35m (16.9ms)[0m  [1m[35mCREATE TABLE "ar_internal_metadata" ("key" varchar NOT NULL PRIMARY KEY, "value" varchar, "created_at" datetime NOT NULL, "updated_at" datetime NOT NULL)[0m
  [1m[35m (0.3ms)[0m  [1m[34mSELECT "schema_migrations"."version" FROM "schema_migrations" ORDER BY "schema_migrations"."version" ASC[0m
Migrating to CreateFlowers (20220330024137)
  [1m[35m (0.1ms)[0m  [1m[36mbegin transaction[0m
  [1m[35m (1.8ms)[0m  [1m[35mCREATE TABLE "flowers" ("id" INTEGER PRIMARY KEY AUTOINCREMENT NOT NULL, "mouth" integer, "name" varchar, "kana" varchar, "words" varchar, "created_at" datetime NOT NULL, "updated_at" datetime NOT NULL)[0m
  [1m[35mSQL (0.3ms)[0m  [1m[32mINSERT INTO "schema_migrations" ("version") VALUES (?)[0m  [["version", "20220330024137"]]
  [1m[35m (15.4ms)[0m  [1m[36mcommit transaction[0m
  [1m[36mActiveRecord::InternalMetadata Load (0.3ms)[0m  [1m[34mSELECT  "ar_internal_metadata".* FROM "ar_internal_metadata" WHERE "ar_internal_metadata"."key" = ? LIMIT ?[0m  [["key", "environment"], ["LIMIT", 1]]
  [1m[35m (0.1ms)[0m  [1m[36mbegin transaction[0m
  [1m[35mSQL (2.1ms)[0m  [1m[32mINSERT INTO "ar_internal_metadata" ("key", "value", "created_at", "updated_at") VALUES (?, ?, ?, ?)[0m  [["key", "environment"], ["value", "development"], ["created_at", "2022-03-30 02:50:30.954311"], ["updated_at", "2022-03-30 02:50:30.954311"]]
  [1m[35m (16.3ms)[0m  [1m[36mcommit transaction[0m
  [1m[35m (0.7ms)[0m  [1m[34mSELECT "schema_migrations"."version" FROM "schema_migrations" ORDER BY "schema_migrations"."version" ASC[0m
Started GET "/" for ::1 at 2022-03-30 12:12:26 +0900
  [1m[35m (0.7ms)[0m  [1m[34mSELECT "schema_migrations"."version" FROM "schema_migrations" ORDER BY "schema_migrations"."version" ASC[0m
  
ActiveRecord::PendingMigrationError (

Migrations are pending. To resolve this issue, run:

        bin/rails db:migrate RAILS_ENV=development

):
  
activerecord (5.1.7) lib/active_record/migration.rb:576:in `check_pending!'
activerecord (5.1.7) lib/active_record/migration.rb:553:in `call'
actionpack (5.1.7) lib/action_dispatch/middleware/callbacks.rb:26:in `block in call'
activesupport (5.1.7) lib/active_support/callbacks.rb:97:in `run_callbacks'
actionpack (5.1.7) lib/action_dispatch/middleware/callbacks.rb:24:in `call'
actionpack (5.1.7) lib/action_dispatch/middleware/executor.rb:12:in `call'
actionpack (5.1.7) lib/action_dispatch/middleware/debug_exceptions.rb:59:in `call'
web-console (3.7.0) lib/web_console/middleware.rb:135:in `call_app'
web-console (3.7.0) lib/web_console/middleware.rb:30:in `block in call'
web-console (3.7.0) lib/web_console/middleware.rb:20:in `catch'
web-console (3.7.0) lib/web_console/middleware.rb:20:in `call'
actionpack (5.1.7) lib/action_dispatch/middleware/show_exceptions.rb:31:in `call'
railties (5.1.7) lib/rails/rack/logger.rb:36:in `call_app'
railties (5.1.7) lib/rails/rack/logger.rb:24:in `block in call'
activesupport (5.1.7) lib/active_support/tagged_logging.rb:69:in `block in tagged'
activesupport (5.1.7) lib/active_support/tagged_logging.rb:26:in `tagged'
activesupport (5.1.7) lib/active_support/tagged_logging.rb:69:in `tagged'
railties (5.1.7) lib/rails/rack/logger.rb:24:in `call'
sprockets-rails (3.2.2) lib/sprockets/rails/quiet_assets.rb:13:in `call'
actionpack (5.1.7) lib/action_dispatch/middleware/remote_ip.rb:79:in `call'
actionpack (5.1.7) lib/action_dispatch/middleware/request_id.rb:25:in `call'
rack (2.2.3) lib/rack/method_override.rb:24:in `call'
rack (2.2.3) lib/rack/runtime.rb:22:in `call'
activesupport (5.1.7) lib/active_support/cache/strategy/local_cache_middleware.rb:27:in `call'
actionpack (5.1.7) lib/action_dispatch/middleware/executor.rb:12:in `call'
actionpack (5.1.7) lib/action_dispatch/middleware/static.rb:125:in `call'
rack (2.2.3) lib/rack/sendfile.rb:110:in `call'
railties (5.1.7) lib/rails/engine.rb:522:in `call'
puma (3.12.6) lib/puma/configuration.rb:227:in `call'
puma (3.12.6) lib/puma/server.rb:706:in `handle_request'
puma (3.12.6) lib/puma/server.rb:476:in `process_client'
puma (3.12.6) lib/puma/server.rb:334:in `block in run'
puma (3.12.6) lib/puma/thread_pool.rb:135:in `block in spawn_thread'
  [1m[35m (0.4ms)[0m  [1m[34mSELECT "schema_migrations"."version" FROM "schema_migrations" ORDER BY "schema_migrations"."version" ASC[0m
Migrating to CreateFlowers (20220330031140)
  [1m[35m (0.1ms)[0m  [1m[36mbegin transaction[0m
  [1m[35m (0.3ms)[0m  [1m[34mSELECT sqlite_version(*)[0m
  [1m[35m (0.8ms)[0m  [1m[35mCREATE TABLE "flowers" ("id" INTEGER PRIMARY KEY AUTOINCREMENT NOT NULL, "name" varchar, "kana" varchar, "words" varchar, "created_at" datetime NOT NULL, "updated_at" datetime NOT NULL)[0m
  [1m[35m (0.1ms)[0m  [1m[31mrollback transaction[0m
  [1m[35m (0.1ms)[0m  [1m[34mSELECT sqlite_version(*)[0m
  [1m[35m (20.7ms)[0m  [1m[35mCREATE TABLE "schema_migrations" ("version" varchar NOT NULL PRIMARY KEY)[0m
  [1m[35m (12.1ms)[0m  [1m[35mCREATE TABLE "ar_internal_metadata" ("key" varchar NOT NULL PRIMARY KEY, "value" varchar, "created_at" datetime NOT NULL, "updated_at" datetime NOT NULL)[0m
  [1m[35m (0.2ms)[0m  [1m[34mSELECT "schema_migrations"."version" FROM "schema_migrations" ORDER BY "schema_migrations"."version" ASC[0m
Migrating to CreateFlowers (20220330031140)
  [1m[35m (0.1ms)[0m  [1m[36mbegin transaction[0m
  [1m[35m (1.8ms)[0m  [1m[35mCREATE TABLE "flowers" ("id" INTEGER PRIMARY KEY AUTOINCREMENT NOT NULL, "name" varchar, "kana" varchar, "words" varchar, "created_at" datetime NOT NULL, "updated_at" datetime NOT NULL)[0m
  [1m[35mSQL (0.4ms)[0m  [1m[32mINSERT INTO "schema_migrations" ("version") VALUES (?)[0m  [["version", "20220330031140"]]
  [1m[35m (11.0ms)[0m  [1m[36mcommit transaction[0m
  [1m[36mActiveRecord::InternalMetadata Load (0.5ms)[0m  [1m[34mSELECT  "ar_internal_metadata".* FROM "ar_internal_metadata" WHERE "ar_internal_metadata"."key" = ? LIMIT ?[0m  [["key", "environment"], ["LIMIT", 1]]
  [1m[35m (0.1ms)[0m  [1m[36mbegin transaction[0m
  [1m[35mSQL (2.5ms)[0m  [1m[32mINSERT INTO "ar_internal_metadata" ("key", "value", "created_at", "updated_at") VALUES (?, ?, ?, ?)[0m  [["key", "environment"], ["value", "development"], ["created_at", "2022-03-30 03:15:27.106384"], ["updated_at", "2022-03-30 03:15:27.106384"]]
  [1m[35m (21.5ms)[0m  [1m[36mcommit transaction[0m
  [1m[35m (1.1ms)[0m  [1m[34mSELECT "schema_migrations"."version" FROM "schema_migrations" ORDER BY "schema_migrations"."version" ASC[0m
  [1m[35m (0.2ms)[0m  [1m[34mSELECT "schema_migrations"."version" FROM "schema_migrations" ORDER BY "schema_migrations"."version" ASC[0m
Migrating to CreateInfos (20220330031701)
  [1m[35m (0.1ms)[0m  [1m[36mbegin transaction[0m
  [1m[35m (0.1ms)[0m  [1m[34mSELECT sqlite_version(*)[0m
  [1m[35m (6.1ms)[0m  [1m[35mCREATE TABLE "infos" ("id" INTEGER PRIMARY KEY AUTOINCREMENT NOT NULL, "flower_id" integer, "date" date, "created_at" datetime NOT NULL, "updated_at" datetime NOT NULL)[0m
  [1m[35mSQL (0.4ms)[0m  [1m[32mINSERT INTO "schema_migrations" ("version") VALUES (?)[0m  [["version", "20220330031701"]]
  [1m[35m (10.6ms)[0m  [1m[36mcommit transaction[0m
  [1m[36mActiveRecord::InternalMetadata Load (0.6ms)[0m  [1m[34mSELECT  "ar_internal_metadata".* FROM "ar_internal_metadata" WHERE "ar_internal_metadata"."key" = ? LIMIT ?[0m  [["key", "environment"], ["LIMIT", 1]]
  [1m[35m (0.1ms)[0m  [1m[36mbegin transaction[0m
  [1m[35m (0.1ms)[0m  [1m[36mcommit transaction[0m
  [1m[35m (0.4ms)[0m  [1m[34mSELECT "schema_migrations"."version" FROM "schema_migrations" ORDER BY "schema_migrations"."version" ASC[0m
Started GET "/" for ::1 at 2022-03-30 12:17:45 +0900
  [1m[35m (0.2ms)[0m  [1m[34mSELECT "schema_migrations"."version" FROM "schema_migrations" ORDER BY "schema_migrations"."version" ASC[0m
Processing by Rails::WelcomeController#index as HTML
  Rendering C:/Ruby26-x64/lib/ruby/gems/2.6.0/gems/railties-5.1.7/lib/rails/templates/rails/welcome/index.html.erb
  Rendered C:/Ruby26-x64/lib/ruby/gems/2.6.0/gems/railties-5.1.7/lib/rails/templates/rails/welcome/index.html.erb (5.7ms)
Completed 200 OK in 31ms (Views: 22.7ms | ActiveRecord: 0.0ms)


Started GET "/flowers" for ::1 at 2022-03-30 12:17:54 +0900
Processing by FlowersController#index as HTML
  Rendering flowers/index.html.erb within layouts/application
  [1m[36mFlower Load (0.4ms)[0m  [1m[34mSELECT "flowers".* FROM "flowers"[0m
  Rendered flowers/index.html.erb within layouts/application (9.3ms)
Completed 200 OK in 1451ms (Views: 1434.9ms | ActiveRecord: 2.3ms)


Started GET "/flowers/new" for ::1 at 2022-03-30 12:18:23 +0900
Processing by FlowersController#new as HTML
  Rendering flowers/new.html.erb within layouts/application
  Rendered flowers/_form.html.erb (99.8ms)
  Rendered flowers/new.html.erb within layouts/application (106.2ms)
Completed 200 OK in 215ms (Views: 190.7ms | ActiveRecord: 2.2ms)


Started GET "/flowers/new" for ::1 at 2022-03-30 12:24:26 +0900
Processing by FlowersController#new as HTML
  Rendering flowers/new.html.erb within layouts/application
  Rendered flowers/_form.html.erb (4.4ms)
  Rendered flowers/new.html.erb within layouts/application (11.7ms)
Completed 200 OK in 116ms (Views: 108.3ms | ActiveRecord: 0.0ms)


Started GET "/flowers/new" for ::1 at 2022-03-30 12:24:40 +0900
Processing by FlowersController#new as HTML
  Rendering flowers/new.html.erb within layouts/application
  Rendered flowers/_form.html.erb (6.2ms)
  Rendered flowers/new.html.erb within layouts/application (14.6ms)
Completed 200 OK in 162ms (Views: 156.6ms | ActiveRecord: 0.0ms)


Started GET "/flowers/new" for ::1 at 2022-03-30 12:26:15 +0900
Processing by FlowersController#new as HTML
  Rendering flowers/new.html.erb within layouts/application
  Rendered flowers/_form.html.erb (5.8ms)
  Rendered flowers/new.html.erb within layouts/application (12.2ms)
Completed 200 OK in 132ms (Views: 109.8ms | ActiveRecord: 0.0ms)


Started GET "/flowers/new" for ::1 at 2022-03-30 12:27:09 +0900
Processing by FlowersController#new as HTML
  Rendering flowers/new.html.erb within layouts/application
  Rendered flowers/_form.html.erb (6.0ms)
  Rendered flowers/new.html.erb within layouts/application (12.4ms)
Completed 200 OK in 105ms (Views: 99.5ms | ActiveRecord: 0.0ms)


Started GET "/flowers/new" for ::1 at 2022-03-30 12:27:37 +0900
Processing by FlowersController#new as HTML
  Rendering flowers/new.html.erb within layouts/application
  Rendered flowers/_form.html.erb (5.8ms)
  Rendered flowers/new.html.erb within layouts/application (12.5ms)
Completed 200 OK in 95ms (Views: 89.1ms | ActiveRecord: 0.0ms)


Started GET "/flowers/new" for ::1 at 2022-03-30 12:32:57 +0900
Processing by FlowersController#new as HTML
  Rendering flowers/new.html.erb within layouts/application
  Rendered flowers/_form.html.erb (6.9ms)
  Rendered flowers/new.html.erb within layouts/application (60.7ms)
Completed 200 OK in 154ms (Views: 147.6ms | ActiveRecord: 0.0ms)


Started GET "/flowers/new" for ::1 at 2022-03-30 12:33:18 +0900
Processing by FlowersController#new as HTML
  Rendering flowers/new.html.erb within layouts/application
  Rendered flowers/_form.html.erb (5.8ms)
  Rendered flowers/new.html.erb within layouts/application (58.6ms)
Completed 200 OK in 156ms (Views: 151.5ms | ActiveRecord: 0.0ms)


Started GET "/flowers/new" for ::1 at 2022-03-30 12:34:40 +0900
Processing by FlowersController#new as HTML
  Rendering flowers/new.html.erb within layouts/application
  Rendered flowers/_form.html.erb (6.1ms)
  Rendered flowers/new.html.erb within layouts/application (16.1ms)
Completed 200 OK in 91ms (Views: 84.7ms | ActiveRecord: 0.0ms)


Started GET "/flowers" for ::1 at 2022-03-30 12:38:18 +0900
Processing by FlowersController#index as HTML
  Rendering flowers/index.html.erb within layouts/application
  Rendered flowers/index.html.erb within layouts/application (19.9ms)
Completed 500 Internal Server Error in 41ms (ActiveRecord: 0.0ms)


  
ActionView::Template::Error (The asset "flower.jpg" is not present in the asset pipeline.
):
    57:   </div>
    58: 
    59:   <div class="image1">
    60:      <%= image_tag 'flower.jpg' , width: '100%', height:'10%' %>
    61:     <div class="image2"><p2>春の花</p2><p3>夏の花</p3><br/>
    62:          <p4>秋の花</p4><p5>冬の花</p5>
    63:     </div>
  
app/views/flowers/index.html.erb:60:in `_app_views_flowers_index_html_erb__38191083_1184874309900'
Started GET "/flowers" for ::1 at 2022-03-30 12:39:08 +0900
Processing by FlowersController#index as HTML
  Rendering flowers/index.html.erb within layouts/application
  Rendered flowers/index.html.erb within layouts/application (176.9ms)
Completed 200 OK in 288ms (Views: 283.5ms | ActiveRecord: 0.0ms)


Started GET "/flowers" for ::1 at 2022-03-30 12:41:47 +0900
  [1m[35m (0.3ms)[0m  [1m[34mSELECT "schema_migrations"."version" FROM "schema_migrations" ORDER BY "schema_migrations"."version" ASC[0m
Processing by FlowersController#index as HTML
  Rendering flowers/index.html.erb within layouts/application
  Rendered flowers/index.html.erb within layouts/application (607.4ms)
Completed 200 OK in 734ms (Views: 723.3ms | ActiveRecord: 0.0ms)


Started GET "/flowers" for ::1 at 2022-03-30 12:42:57 +0900
Processing by FlowersController#index as HTML
  Rendering flowers/index.html.erb within layouts/application
  Rendered flowers/index.html.erb within layouts/application (7.4ms)
Completed 200 OK in 188ms (Views: 182.1ms | ActiveRecord: 0.0ms)


Started GET "/flowers" for ::1 at 2022-03-30 12:43:12 +0900
Processing by FlowersController#index as HTML
  Rendering flowers/index.html.erb within layouts/application
  Rendered flowers/index.html.erb within layouts/application (5.9ms)
Completed 200 OK in 134ms (Views: 129.8ms | ActiveRecord: 0.0ms)


Started GET "/flowers" for ::1 at 2022-03-30 12:43:30 +0900
Processing by FlowersController#index as HTML
  Rendering flowers/index.html.erb within layouts/application
  Rendered flowers/index.html.erb within layouts/application (5.8ms)
Completed 200 OK in 128ms (Views: 122.3ms | ActiveRecord: 0.0ms)


Started GET "/flowers" for ::1 at 2022-03-30 12:43:59 +0900
Processing by FlowersController#index as HTML
  Rendering flowers/index.html.erb within layouts/application
  Rendered flowers/index.html.erb within layouts/application (8.3ms)
Completed 200 OK in 129ms (Views: 123.1ms | ActiveRecord: 0.0ms)


Started GET "/flowers/new" for ::1 at 2022-03-30 13:45:51 +0900
Processing by FlowersController#new as HTML
  Rendering flowers/new.html.erb within layouts/application
  Rendered flowers/_form.html.erb (64.8ms)
  Rendered flowers/new.html.erb within layouts/application (70.7ms)
Completed 200 OK in 175ms (Views: 152.2ms | ActiveRecord: 4.0ms)


Started GET "/flowers" for ::1 at 2022-03-30 13:46:20 +0900
Processing by FlowersController#index as HTML
  Rendering flowers/index.html.erb within layouts/application
  Rendered flowers/index.html.erb within layouts/application (6.1ms)
Completed 200 OK in 83ms (Views: 78.1ms | ActiveRecord: 0.0ms)


Started GET "/" for ::1 at 2022-03-30 13:46:43 +0900
Processing by Rails::WelcomeController#index as HTML
  Rendering C:/Ruby26-x64/lib/ruby/gems/2.6.0/gems/railties-5.1.7/lib/rails/templates/rails/welcome/index.html.erb
  Rendered C:/Ruby26-x64/lib/ruby/gems/2.6.0/gems/railties-5.1.7/lib/rails/templates/rails/welcome/index.html.erb (7.7ms)
Completed 200 OK in 33ms (Views: 23.0ms | ActiveRecord: 0.0ms)


Started GET "/flowers" for ::1 at 2022-03-30 13:46:49 +0900
Processing by FlowersController#index as HTML
  Rendering flowers/index.html.erb within layouts/application
  Rendered flowers/index.html.erb within layouts/application (12.5ms)
Completed 200 OK in 130ms (Views: 123.0ms | ActiveRecord: 0.0ms)


Started GET "/flowers/new" for ::1 at 2022-03-30 13:46:54 +0900
Processing by FlowersController#new as HTML
  Rendering flowers/new.html.erb within layouts/application
  Rendered flowers/_form.html.erb (6.8ms)
  Rendered flowers/new.html.erb within layouts/application (15.3ms)
Completed 200 OK in 132ms (Views: 124.8ms | ActiveRecord: 0.0ms)


Started POST "/flowers" for ::1 at 2022-03-30 14:09:30 +0900
  [1m[35m (0.6ms)[0m  [1m[34mSELECT "schema_migrations"."version" FROM "schema_migrations" ORDER BY "schema_migrations"."version" ASC[0m
Processing by FlowersController#create as HTML
  Parameters: {"utf8"=>"✓", "authenticity_token"=>"YMB+lJs/oc/pBFM4JvPHvxC3SgIS0B1VTbJhWKLV9t/FeccikWZeWGsRQbGzjMuSKk65fjRTUD4x4D4AQsUpPw==", "flower"=>{"name"=>"", "kana"=>"", "words"=>""}, "commit"=>"Create Flower"}
  [1m[35m (0.1ms)[0m  [1m[36mbegin transaction[0m
  [1m[35mSQL (3.7ms)[0m  [1m[32mINSERT INTO "flowers" ("name", "kana", "words", "created_at", "updated_at") VALUES (?, ?, ?, ?, ?)[0m  [["name", ""], ["kana", ""], ["words", ""], ["created_at", "2022-03-30 05:09:31.888577"], ["updated_at", "2022-03-30 05:09:31.888577"]]
  [1m[35m (21.4ms)[0m  [1m[36mcommit transaction[0m
Redirected to http://localhost:3000/flowers/1
Completed 302 Found in 82ms (ActiveRecord: 29.1ms)


Started GET "/flowers/1" for ::1 at 2022-03-30 14:09:31 +0900
Processing by FlowersController#show as HTML
  Parameters: {"id"=>"1"}
  [1m[36mFlower Load (0.6ms)[0m  [1m[34mSELECT  "flowers".* FROM "flowers" WHERE "flowers"."id" = ? LIMIT ?[0m  [["id", 1], ["LIMIT", 1]]
  Rendering flowers/show.html.erb within layouts/application
  Rendered flowers/show.html.erb within layouts/application (6.9ms)
Completed 200 OK in 779ms (Views: 725.6ms | ActiveRecord: 0.6ms)


Started GET "/flowers/new" for ::1 at 2022-03-30 14:09:45 +0900
Processing by FlowersController#new as HTML
  Rendering flowers/new.html.erb within layouts/application
  Rendered flowers/_form.html.erb (2.2ms)
  Rendered flowers/new.html.erb within layouts/application (64.1ms)
Completed 500 Internal Server Error in 89ms (ActiveRecord: 0.0ms)


  
SyntaxError (C:/Users/fuuta/fortune-telling/app/views/flowers/_form.html.erb:30: syntax error, unexpected ':'
...ut_buffer.append=( form.label : ちんちん);@output_buffer...
...                              ^):
  
app/views/flowers/_form.html.erb:30: syntax error, unexpected ':'
app/views/flowers/new.html.erb:3:in `_app_views_flowers_new_html_erb__749130194_1069085918320'
Started GET "/flowers/new" for ::1 at 2022-03-30 14:10:19 +0900
Processing by FlowersController#new as HTML
  Rendering flowers/new.html.erb within layouts/application
  Rendered flowers/_form.html.erb (88.4ms)
  Rendered flowers/new.html.erb within layouts/application (139.8ms)
Completed 200 OK in 245ms (Views: 239.2ms | ActiveRecord: 0.0ms)


Started GET "/flowers/new" for ::1 at 2022-03-30 14:11:03 +0900
Processing by FlowersController#new as HTML
  Rendering flowers/new.html.erb within layouts/application
  Rendered flowers/_form.html.erb (11.6ms)
  Rendered flowers/new.html.erb within layouts/application (83.0ms)
Completed 200 OK in 170ms (Views: 164.9ms | ActiveRecord: 0.0ms)


Started GET "/flowers/new" for ::1 at 2022-03-30 14:12:17 +0900
Processing by FlowersController#new as HTML
  Rendering flowers/new.html.erb within layouts/application
  Rendered flowers/_form.html.erb (12.7ms)
  Rendered flowers/new.html.erb within layouts/application (83.6ms)
Completed 500 Internal Server Error in 100ms (ActiveRecord: 0.0ms)


  
ActionView::Template::Error (undefined method `merge' for :flower_words:Symbol):
    33: 
    34:     <div class="field">
    35:     <%= form.label :ちんちん %>
    36:     <%= form.date_select :words,  :flower_words %>
    37:   </div>
    38: 
    39:   <div class="field">
  
app/views/flowers/_form.html.erb:36:in `block in _app_views_flowers__form_html_erb__514637202_1069105783860'
app/views/flowers/_form.html.erb:1:in `_app_views_flowers__form_html_erb__514637202_1069105783860'
app/views/flowers/new.html.erb:3:in `_app_views_flowers_new_html_erb__749130194_1069105718140'
Started GET "/flowers/new" for ::1 at 2022-03-30 14:12:27 +0900
Processing by FlowersController#new as HTML
  Rendering flowers/new.html.erb within layouts/application
  Rendered flowers/_form.html.erb (9.1ms)
  Rendered flowers/new.html.erb within layouts/application (75.7ms)
Completed 200 OK in 143ms (Views: 138.4ms | ActiveRecord: 0.0ms)


Started GET "/flowers/new" for ::1 at 2022-03-30 14:13:04 +0900
Processing by FlowersController#new as HTML
  Rendering flowers/new.html.erb within layouts/application
  Rendered flowers/_form.html.erb (10.8ms)
  Rendered flowers/new.html.erb within layouts/application (76.0ms)
Completed 200 OK in 164ms (Views: 158.9ms | ActiveRecord: 0.0ms)


Started GET "/flowers/new" for ::1 at 2022-03-30 14:18:33 +0900
Processing by FlowersController#new as HTML
  Rendering flowers/new.html.erb within layouts/application
  Rendered flowers/_form.html.erb (271.0ms)
  Rendered flowers/new.html.erb within layouts/application (331.5ms)
Completed 500 Internal Server Error in 348ms (ActiveRecord: 0.0ms)


  
ActionView::Template::Error (undefined local variable or method `article' for #<#<Class:0x000001f1d37de030>:0x000001f1d84270e0>):
    38: 
    39:   <div class="field">
    40:     <%= form.label :誕生日 %>
    41:     <%= form.date_select (article) %>
    42:   </div>
    43: 
    44: 
  
app/views/flowers/_form.html.erb:41:in `block in _app_views_flowers__form_html_erb__514637202_1069113499920'
app/views/flowers/_form.html.erb:1:in `_app_views_flowers__form_html_erb__514637202_1069113499920'
app/views/flowers/new.html.erb:3:in `_app_views_flowers_new_html_erb__749130194_1069113490760'
Started GET "/flowers/new" for ::1 at 2022-03-30 14:19:15 +0900
Processing by FlowersController#new as HTML
  Rendering flowers/new.html.erb within layouts/application
  Rendered flowers/_form.html.erb (11.1ms)
  Rendered flowers/new.html.erb within layouts/application (70.7ms)
Completed 200 OK in 166ms (Views: 158.5ms | ActiveRecord: 0.0ms)


Started GET "/flowers" for ::1 at 2022-03-30 14:24:01 +0900
Processing by FlowersController#index as HTML
  Rendering flowers/index.html.erb within layouts/application
  Rendered flowers/index.html.erb within layouts/application (7.5ms)
Completed 200 OK in 109ms (Views: 104.3ms | ActiveRecord: 0.0ms)


Started GET "/flowers/new" for ::1 at 2022-03-30 14:24:03 +0900
Processing by FlowersController#new as HTML
  Rendering flowers/new.html.erb within layouts/application
  Rendered flowers/_form.html.erb (15.6ms)
  Rendered flowers/new.html.erb within layouts/application (22.1ms)
Completed 200 OK in 130ms (Views: 123.2ms | ActiveRecord: 0.0ms)


Started GET "/flowers/new" for ::1 at 2022-03-30 14:24:14 +0900
Processing by FlowersController#new as HTML
  Rendering flowers/new.html.erb within layouts/application
  Rendered flowers/_form.html.erb (17.3ms)
  Rendered flowers/new.html.erb within layouts/application (25.9ms)
Completed 200 OK in 128ms (Views: 121.4ms | ActiveRecord: 0.0ms)


Started GET "/flowers/new" for ::1 at 2022-03-30 14:30:09 +0900
Processing by FlowersController#new as HTML
  Rendering flowers/new.html.erb within layouts/application
  Rendered flowers/_form.html.erb (1.8ms)
  Rendered flowers/new.html.erb within layouts/application (69.8ms)
Completed 500 Internal Server Error in 88ms (ActiveRecord: 0.0ms)


  
SyntaxError (C:/Users/fuuta/fortune-telling/app/views/flowers/_form.html.erb:41: syntax error, unexpected ':', expecting =>
...rds, {:use_two_digit_numbersid:});@output_buffer.safe_append...
...                              ^
C:/Users/fuuta/fortune-telling/app/views/flowers/_form.html.erb:49: syntax error, unexpected end, expecting ')'
'.freeze; end 
          ^~~
C:/Users/fuuta/fortune-telling/app/views/flowers/_form.html.erb:51: syntax error, unexpected ensure, expecting ')'
          ensure
          ^~~~~~
C:/Users/fuuta/fortune-telling/app/views/flowers/_form.html.erb:53: syntax error, unexpected end, expecting ')'
          end
          ^~~):
  
app/views/flowers/_form.html.erb:41: syntax error, unexpected ':', expecting =>
app/views/flowers/_form.html.erb:49: syntax error, unexpected end, expecting ')'
app/views/flowers/_form.html.erb:51: syntax error, unexpected ensure, expecting ')'
app/views/flowers/_form.html.erb:53: syntax error, unexpected end, expecting ')'
app/views/flowers/new.html.erb:3:in `_app_views_flowers_new_html_erb__749130194_1069102365460'
Started GET "/flowers/new" for ::1 at 2022-03-30 14:30:45 +0900
Processing by FlowersController#new as HTML
  Rendering flowers/new.html.erb within layouts/application
  Rendered flowers/_form.html.erb (1.4ms)
  Rendered flowers/new.html.erb within layouts/application (67.6ms)
Completed 500 Internal Server Error in 89ms (ActiveRecord: 0.0ms)


  
SyntaxError (C:/Users/fuuta/fortune-telling/app/views/flowers/_form.html.erb:41: syntax error, unexpected ':', expecting ')'
...ppend=( form.date_select :data:, {:use_two_digit_numbersid:}...
...                              ^
C:/Users/fuuta/fortune-telling/app/views/flowers/_form.html.erb:41: syntax error, unexpected ':', expecting =>
...ta:, {:use_two_digit_numbersid:});@output_buffer.safe_append...
...                              ^
C:/Users/fuuta/fortune-telling/app/views/flowers/_form.html.erb:49: syntax error, unexpected end, expecting ')'
'.freeze; end 
          ^~~
C:/Users/fuuta/fortune-telling/app/views/flowers/_form.html.erb:51: syntax error, unexpected ensure, expecting ')'
          ensure
          ^~~~~~
C:/Users/fuuta/fortune-telling/app/views/flowers/_form.html.erb:53: syntax error, unexpected end, expecting ')'
          end
          ^~~):
  
app/views/flowers/_form.html.erb:41: syntax error, unexpected ':', expecting ')'
app/views/flowers/_form.html.erb:41: syntax error, unexpected ':', expecting =>
app/views/flowers/_form.html.erb:49: syntax error, unexpected end, expecting ')'
app/views/flowers/_form.html.erb:51: syntax error, unexpected ensure, expecting ')'
app/views/flowers/_form.html.erb:53: syntax error, unexpected end, expecting ')'
app/views/flowers/new.html.erb:3:in `_app_views_flowers_new_html_erb__749130194_1069120382480'
Started GET "/flowers/new" for ::1 at 2022-03-30 14:31:59 +0900
Processing by FlowersController#new as HTML
  Rendering flowers/new.html.erb within layouts/application
  Rendered flowers/_form.html.erb (1.7ms)
  Rendered flowers/new.html.erb within layouts/application (86.8ms)
Completed 500 Internal Server Error in 103ms (ActiveRecord: 0.0ms)


  
SyntaxError (C:/Users/fuuta/fortune-telling/app/views/flowers/_form.html.erb:41: syntax error, unexpected ':', expecting ')'
...ppend=( form.date_select :data:, {:use_two_digit_numbersid:}...
...                              ^
C:/Users/fuuta/fortune-telling/app/views/flowers/_form.html.erb:41: syntax error, unexpected ':', expecting =>
...ta:, {:use_two_digit_numbersid:});@output_buffer.safe_append...
...                              ^
C:/Users/fuuta/fortune-telling/app/views/flowers/_form.html.erb:51: syntax error, unexpected end, expecting ')'
'.freeze; end 
          ^~~
C:/Users/fuuta/fortune-telling/app/views/flowers/_form.html.erb:53: syntax error, unexpected ensure, expecting ')'
          ensure
          ^~~~~~
C:/Users/fuuta/fortune-telling/app/views/flowers/_form.html.erb:55: syntax error, unexpected end, expecting ')'
          end
          ^~~):
  
app/views/flowers/_form.html.erb:41: syntax error, unexpected ':', expecting ')'
app/views/flowers/_form.html.erb:41: syntax error, unexpected ':', expecting =>
app/views/flowers/_form.html.erb:51: syntax error, unexpected end, expecting ')'
app/views/flowers/_form.html.erb:53: syntax error, unexpected ensure, expecting ')'
app/views/flowers/_form.html.erb:55: syntax error, unexpected end, expecting ')'
app/views/flowers/new.html.erb:3:in `_app_views_flowers_new_html_erb__749130194_1069111259000'
Started GET "/flowers/new" for ::1 at 2022-03-30 14:32:28 +0900
Processing by FlowersController#new as HTML
  Rendering flowers/new.html.erb within layouts/application
  Rendered flowers/_form.html.erb (275.0ms)
  Rendered flowers/new.html.erb within layouts/application (346.0ms)
Completed 500 Internal Server Error in 364ms (ActiveRecord: 0.0ms)


  
ActionView::Template::Error (undefined local variable or method `f' for #<#<Class:0x000001f1d37de030>:0x000001f1d6c18f80>):
    40:     <%= form.label :誕生日 %>
    41:   </div>
    42: 
    43:   <p><%= f.date_select :カラム名, {:discard_day => true} %></p>
    44: 
    45: 
    46:   <div class="actions">
  
app/views/flowers/_form.html.erb:43:in `block in _app_views_flowers__form_html_erb__514637202_1069100947520'
app/views/flowers/_form.html.erb:1:in `_app_views_flowers__form_html_erb__514637202_1069100947520'
app/views/flowers/new.html.erb:3:in `_app_views_flowers_new_html_erb__749130194_1069100880860'
Started GET "/flowers/new" for ::1 at 2022-03-30 14:32:53 +0900
Processing by FlowersController#new as HTML
  Rendering flowers/new.html.erb within layouts/application
  Rendered flowers/_form.html.erb (360.7ms)
  Rendered flowers/new.html.erb within layouts/application (432.4ms)
Completed 500 Internal Server Error in 448ms (ActiveRecord: 0.0ms)


  
ActionView::Template::Error (undefined local variable or method `f' for #<#<Class:0x000001f1d37de030>:0x000001f1d7d3a020>):
    40:     <%= form.label :誕生日 %>
    41:   </div>
    42: 
    43:   <p><%= f.date_select :data, {:discard_day => true} %></p>
    44: 
    45: 
    46:   <div class="actions">
  
app/views/flowers/_form.html.erb:43:in `block in _app_views_flowers__form_html_erb__514637202_1069109893240'
app/views/flowers/_form.html.erb:1:in `_app_views_flowers__form_html_erb__514637202_1069109893240'
app/views/flowers/new.html.erb:3:in `_app_views_flowers_new_html_erb__749130194_1069109859560'
Started GET "/flowers/new" for ::1 at 2022-03-30 14:34:55 +0900
Processing by FlowersController#new as HTML
  Rendering flowers/new.html.erb within layouts/application
  Rendered flowers/_form.html.erb (309.9ms)
  Rendered flowers/new.html.erb within layouts/application (315.6ms)
Completed 500 Internal Server Error in 335ms (ActiveRecord: 0.0ms)


  
ActionView::Template::Error (undefined local variable or method `f' for #<#<Class:0x000001f1d37de030>:0x000001f1d89a4ce8>):
    40:     <%= form.label :誕生日 %>
    41:   </div>
    42: 
    43:   <p><%= f.date_select :data, {:discard_day => true} %></p>
    44: 
    45: 
    46:   <div class="actions">
  
app/views/flowers/_form.html.erb:43:in `block in _app_views_flowers__form_html_erb__514637202_1069115944720'
app/views/flowers/_form.html.erb:1:in `_app_views_flowers__form_html_erb__514637202_1069115944720'
app/views/flowers/new.html.erb:3:in `_app_views_flowers_new_html_erb__749130194_1069116369740'
Started GET "/flowers/new" for ::1 at 2022-03-30 14:35:05 +0900
Processing by FlowersController#new as HTML
  Rendering flowers/new.html.erb within layouts/application
  Rendered flowers/_form.html.erb (18.3ms)
  Rendered flowers/new.html.erb within layouts/application (90.7ms)
Completed 200 OK in 212ms (Views: 204.9ms | ActiveRecord: 0.0ms)


Started GET "/flowers/new" for ::1 at 2022-03-30 14:37:44 +0900
Processing by FlowersController#new as HTML
  Rendering flowers/new.html.erb within layouts/application
  Rendered flowers/_form.html.erb (329.4ms)
  Rendered flowers/new.html.erb within layouts/application (401.8ms)
Completed 500 Internal Server Error in 418ms (ActiveRecord: 0.0ms)


  
ActionView::Template::Error (undefined local variable or method `f' for #<#<Class:0x000001f1d37de030>:0x000001f1d80223f0>):
    41:     <%= form.date_select :words, id: :flower_words %>
    42:   </div>
    43: 
    44: <%= f.select :name, ['sample1', 'sample2', 'sample3'], {include_blank: '選択ボックス'}, 
    45: class: 'sample' %>
    46: 
    47:   <div class="actions">
  
app/views/flowers/_form.html.erb:44:in `block in _app_views_flowers__form_html_erb__514637202_1069111532180'
app/views/flowers/_form.html.erb:1:in `_app_views_flowers__form_html_erb__514637202_1069111532180'
app/views/flowers/new.html.erb:3:in `_app_views_flowers_new_html_erb__749130194_1069111383760'
Started GET "/flowers/new" for ::1 at 2022-03-30 14:39:17 +0900
Processing by FlowersController#new as HTML
  Rendering flowers/new.html.erb within layouts/application
  Rendered flowers/_form.html.erb (318.4ms)
  Rendered flowers/new.html.erb within layouts/application (397.1ms)
Completed 500 Internal Server Error in 414ms (ActiveRecord: 0.0ms)


  
ActionView::Template::Error (undefined local variable or method `f' for #<#<Class:0x000001f1d37de030>:0x000001f1d8fb5b00>):
    42:   </div>
    43: 
    44: <div class="birth_date_field">
    45:   <%= f.label :birth_date %>
    46:   <%= f.date_select(
    47:         :birth_date,
    48:         start_year: 1930,
  
app/views/flowers/_form.html.erb:45:in `block in _app_views_flowers__form_html_erb__514637202_1069118657800'
app/views/flowers/_form.html.erb:1:in `_app_views_flowers__form_html_erb__514637202_1069118657800'
app/views/flowers/new.html.erb:3:in `_app_views_flowers_new_html_erb__749130194_1069119550040'
Started GET "/flowers/new" for ::1 at 2022-03-30 14:40:59 +0900
Processing by FlowersController#new as HTML
  Rendering flowers/new.html.erb within layouts/application
  Rendered flowers/_form.html.erb (504.0ms)
  Rendered flowers/new.html.erb within layouts/application (514.1ms)
Completed 500 Internal Server Error in 538ms (ActiveRecord: 0.0ms)


  
ActionView::Template::Error (undefined local variable or method `f' for #<#<Class:0x000001f1d37de030>:0x000001f1d76b1258>):
    42:   </div>
    43: 
    44: <div class="birth_date_field">
    45:   <%= f.label :birth_date %>
    46:   <%= f.date_select(
    47:         :birth_date,
    48:         start_year: 1930,
  
app/views/flowers/_form.html.erb:45:in `block in _app_views_flowers__form_html_erb__514637202_1069106184740'
app/views/flowers/_form.html.erb:1:in `_app_views_flowers__form_html_erb__514637202_1069106184740'
app/views/flowers/new.html.erb:3:in `_app_views_flowers_new_html_erb__749130194_1069106433540'
Started GET "/flowers/new" for ::1 at 2022-03-30 14:41:07 +0900
Processing by FlowersController#new as HTML
  Rendering flowers/new.html.erb within layouts/application
  Rendered flowers/_form.html.erb (20.6ms)
  Rendered flowers/new.html.erb within layouts/application (32.0ms)
Completed 200 OK in 172ms (Views: 165.5ms | ActiveRecord: 0.0ms)


Started GET "/flowers/new" for ::1 at 2022-03-30 14:46:07 +0900
Processing by FlowersController#new as HTML
  Rendering flowers/new.html.erb within layouts/application
  Rendered flowers/_form.html.erb (3.6ms)
  Rendered flowers/new.html.erb within layouts/application (79.0ms)
Completed 500 Internal Server Error in 102ms (ActiveRecord: 0.0ms)


  
SyntaxError (C:/Users/fuuta/fortune-telling/app/views/flowers/_form.html.erb:36: syntax error, unexpected '{', expecting ')'
...lect :words, id: :flower_words{discard_year:true} );@output_...
...                              ^
C:/Users/fuuta/fortune-telling/app/views/flowers/_form.html.erb:36: syntax error, unexpected '}', expecting ')'
...flower_words{discard_year:true} );@output_buffer.safe_append...
...                              ^
C:/Users/fuuta/fortune-telling/app/views/flowers/_form.html.erb:49: syntax error, unexpected end, expecting ')'
'.freeze; end 
          ^~~
C:/Users/fuuta/fortune-telling/app/views/flowers/_form.html.erb:51: syntax error, unexpected ensure, expecting ')'
          ensure
          ^~~~~~
C:/Users/fuuta/fortune-telling/app/views/flowers/_form.html.erb:53: syntax error, unexpected end, expecting ')'
          end
          ^~~):
  
app/views/flowers/_form.html.erb:36: syntax error, unexpected '{', expecting ')'
app/views/flowers/_form.html.erb:36: syntax error, unexpected '}', expecting ')'
app/views/flowers/_form.html.erb:49: syntax error, unexpected end, expecting ')'
app/views/flowers/_form.html.erb:51: syntax error, unexpected ensure, expecting ')'
app/views/flowers/_form.html.erb:53: syntax error, unexpected end, expecting ')'
app/views/flowers/new.html.erb:3:in `_app_views_flowers_new_html_erb__749130194_1069115442840'
Started GET "/flowers/new" for ::1 at 2022-03-30 14:46:45 +0900
Processing by FlowersController#new as HTML
  Rendering flowers/new.html.erb within layouts/application
  Rendered flowers/_form.html.erb (14.5ms)
  Rendered flowers/new.html.erb within layouts/application (84.9ms)
Completed 200 OK in 187ms (Views: 179.7ms | ActiveRecord: 0.0ms)


Started GET "/flowers/new" for ::1 at 2022-03-30 14:48:20 +0900
Processing by FlowersController#new as HTML
  Rendering flowers/new.html.erb within layouts/application
  Rendered flowers/_form.html.erb (11.5ms)
  Rendered flowers/new.html.erb within layouts/application (76.2ms)
Completed 200 OK in 159ms (Views: 154.9ms | ActiveRecord: 0.0ms)


Started GET "/flowers/new" for ::1 at 2022-03-30 14:48:26 +0900
Processing by FlowersController#new as HTML
  Rendering flowers/new.html.erb within layouts/application
  Rendered flowers/_form.html.erb (16.5ms)
  Rendered flowers/new.html.erb within layouts/application (23.9ms)
Completed 200 OK in 122ms (Views: 115.9ms | ActiveRecord: 0.0ms)


Started GET "/flowers/new" for ::1 at 2022-03-30 14:49:00 +0900
Processing by FlowersController#new as HTML
  Rendering flowers/new.html.erb within layouts/application
  Rendered flowers/_form.html.erb (15.2ms)
  Rendered flowers/new.html.erb within layouts/application (24.3ms)
Completed 200 OK in 132ms (Views: 125.4ms | ActiveRecord: 0.0ms)


Started GET "/flowers/new" for ::1 at 2022-03-30 14:50:35 +0900
Processing by FlowersController#new as HTML
  Rendering flowers/new.html.erb within layouts/application
  Rendered flowers/_form.html.erb (9.6ms)
  Rendered flowers/new.html.erb within layouts/application (77.4ms)
Completed 200 OK in 165ms (Views: 158.6ms | ActiveRecord: 0.0ms)


